<?xml version="1.0" encoding="UTF-8"?>
<testng-results skipped="0" failed="0" ignored="0" total="1" passed="1">
  <reporter-output>
  </reporter-output>
  <suite name="Default suite" duration-ms="13513" started-at="2020-05-12T23:24:45 IST" finished-at="2020-05-12T23:24:58 IST">
    <groups>
    </groups>
    <test name="Default test" duration-ms="13513" started-at="2020-05-12T23:24:45 IST" finished-at="2020-05-12T23:24:58 IST">
      <class name="YouTube">
        <test-method status="PASS" signature="browserlaunch()[pri:0, instance:YouTube@65e2dbf3]" name="browserlaunch" is-config="true" duration-ms="4191" started-at="2020-05-12T23:24:45 IST" finished-at="2020-05-12T23:24:49 IST">
          <reporter-output>
          </reporter-output>
        </test-method> <!-- browserlaunch -->
        <test-method status="PASS" signature="Login()[pri:0, instance:YouTube@65e2dbf3]" name="Login" duration-ms="9278" started-at="2020-05-12T23:24:49 IST" finished-at="2020-05-12T23:24:58 IST">
          <reporter-output>
          </reporter-output>
        </test-method> <!-- Login -->
      </class> <!-- YouTube -->
    </test> <!-- Default test -->
  </suite> <!-- Default suite -->
</testng-results>
