<?xml version="1.0" encoding="UTF-8"?>
<!-- Generated by org.testng.reporters.JUnitXMLReporter -->
<testsuite hostname="Abhays-MacBook-Pro.local" ignored="0" name="Test" tests="1" failures="0" timestamp="2020-05-13T02:48:14 IST" time="0.06" errors="0">
  <testcase name="@BeforeClass startBrowser" time="0.013" classname="com.abkus1.training.testng.LoadTesting">
    <failure type="java.lang.NoSuchMethodError" message="org.openqa.selenium.chrome.ChromeOptions.addArguments([Ljava/lang/String;)Lorg/openqa/selenium/chromium/ChromiumOptions;">
      <![CDATA[java.lang.NoSuchMethodError: org.openqa.selenium.chrome.ChromeOptions.addArguments([Ljava/lang/String;)Lorg/openqa/selenium/chromium/ChromiumOptions;
at com.abkus1.training.testng.LoadTesting.startBrowser(LoadTesting.java:22)
at java.util.ArrayList.forEach(ArrayList.java:1257)
... Removed 25 stack frames]]>
    </failure>
  </testcase> <!-- @BeforeClass startBrowser -->
  <testcase name="@AfterClass closeBrowser" time="-1.589318294624E9" classname="com.abkus1.training.testng.LoadTesting">
    <skipped/>
  </testcase> <!-- @AfterClass closeBrowser -->
  <testcase name="validateGoogleId" time="0.0" classname="com.abkus1.training.testng.LoadTesting">
    <skipped/>
  </testcase> <!-- validateGoogleId -->
</testsuite> <!-- Test -->
